{"C:\\Projects\\gaming-server\\src\\index.ts": {"path":"C:\\Projects\\gaming-server\\src\\index.ts","statementMap":{"0":{"start":{"line":3,"column":0},"end":{"line":3,"column":30}},"1":{"start":{"line":4,"column":0},"end":{"line":4,"column":28}},"2":{"start":{"line":5,"column":0},"end":{"line":5,"column":24}},"3":{"start":{"line":6,"column":0},"end":{"line":6,"column":43}},"4":{"start":{"line":7,"column":0},"end":{"line":7,"column":37}},"5":{"start":{"line":8,"column":0},"end":{"line":8,"column":35}},"6":{"start":{"line":9,"column":0},"end":{"line":9,"column":39}},"7":{"start":{"line":10,"column":0},"end":{"line":10,"column":51}},"8":{"start":{"line":11,"column":0},"end":{"line":11,"column":39}},"9":{"start":{"line":12,"column":0},"end":{"line":12,"column":37}},"10":{"start":{"line":13,"column":0},"end":{"line":13,"column":35}},"11":{"start":{"line":15,"column":12},"end":{"line":15,"column":21}},"12":{"start":{"line":17,"column":19},"end":{"line":20,"column":2}},"13":{"start":{"line":22,"column":0},"end":{"line":22,"column":27}},"14":{"start":{"line":23,"column":0},"end":{"line":23,"column":26}},"15":{"start":{"line":24,"column":0},"end":{"line":24,"column":16}},"16":{"start":{"line":26,"column":0},"end":{"line":26,"column":16}},"17":{"start":{"line":28,"column":0},"end":{"line":46,"column":5}},"18":{"start":{"line":28,"column":12},"end":{"line":46,"column":2}},"19":{"start":{"line":29,"column":2},"end":{"line":45,"column":null}},"20":{"start":{"line":30,"column":4},"end":{"line":39,"column":7}},"21":{"start":{"line":40,"column":4},"end":{"line":42,"column":7}},"22":{"start":{"line":41,"column":6},"end":{"line":41,"column":77}},"23":{"start":{"line":44,"column":4},"end":{"line":44,"column":21}},"24":{"start":{"line":48,"column":0},"end":{"line":48,"column":19}}},"fnMap":{"0":{"name":"(anonymous_8)","decl":{"start":{"line":28,"column":1},"end":{"line":28,"column":10}},"loc":{"start":{"line":28,"column":12},"end":{"line":46,"column":2}}},"1":{"name":"(anonymous_9)","decl":{"start":{"line":28,"column":12},"end":{"line":28,"column":null}},"loc":{"start":{"line":28,"column":12},"end":{"line":46,"column":1}}},"2":{"name":"(anonymous_10)","decl":{"start":{"line":40,"column":33},"end":{"line":40,"column":36}},"loc":{"start":{"line":40,"column":38},"end":{"line":42,"column":5}}}},"branchMap":{"0":{"loc":{"start":{"line":33,"column":12},"end":{"line":33,"column":45}},"type":"binary-expr","locations":[{"start":{"line":33,"column":12},"end":{"line":33,"column":45}},{"start":{"line":33,"column":49},"end":{"line":33,"column":53}}]}},"s":{"0":1,"1":1,"2":1,"3":1,"4":1,"5":1,"6":1,"7":1,"8":1,"9":1,"10":1,"11":1,"12":1,"13":1,"14":1,"15":1,"16":1,"17":1,"18":1,"19":1,"20":1,"21":1,"22":1,"23":0,"24":1},"f":{"0":1,"1":1,"2":1},"b":{"0":[1,1]}}
,"C:\\Projects\\gaming-server\\src\\controllers\\user\\AuthController.ts": {"path":"C:\\Projects\\gaming-server\\src\\controllers\\user\\AuthController.ts","statementMap":{"0":{"start":{"line":5,"column":0},"end":{"line":5,"column":40}},"1":{"start":{"line":6,"column":0},"end":{"line":6,"column":31}},"2":{"start":{"line":7,"column":0},"end":{"line":7,"column":28}},"3":{"start":{"line":8,"column":0},"end":{"line":8,"column":28}},"4":{"start":{"line":9,"column":0},"end":{"line":9,"column":52}},"5":{"start":{"line":11,"column":0},"end":{"line":11,"column":43}},"6":{"start":{"line":13,"column":0},"end":{"line":13,"column":16}},"7":{"start":{"line":17,"column":4},"end":{"line":89,"column":null}},"8":{"start":{"line":20,"column":10},"end":{"line":20,"column":18}},"9":{"start":{"line":22,"column":6},"end":{"line":22,"column":34}},"10":{"start":{"line":24,"column":6},"end":{"line":26,"column":null}},"11":{"start":{"line":25,"column":8},"end":{"line":25,"column":60}},"12":{"start":{"line":28,"column":6},"end":{"line":28,"column":34}},"13":{"start":{"line":30,"column":25},"end":{"line":36,"column":17}},"14":{"start":{"line":38,"column":8},"end":{"line":38,"column":36}},"15":{"start":{"line":40,"column":6},"end":{"line":42,"column":null}},"16":{"start":{"line":41,"column":8},"end":{"line":41,"column":74}},"17":{"start":{"line":44,"column":6},"end":{"line":44,"column":34}},"18":{"start":{"line":46,"column":6},"end":{"line":85,"column":9}},"19":{"start":{"line":46,"column":62},"end":{"line":85,"column":8}},"20":{"start":{"line":47,"column":8},"end":{"line":49,"column":null}},"21":{"start":{"line":48,"column":10},"end":{"line":48,"column":102}},"22":{"start":{"line":51,"column":8},"end":{"line":51,"column":36}},"23":{"start":{"line":53,"column":26},"end":{"line":67,"column":20}},"24":{"start":{"line":69,"column":10},"end":{"line":69,"column":38}},"25":{"start":{"line":71,"column":22},"end":{"line":73,"column":10}},"26":{"start":{"line":75,"column":8},"end":{"line":75,"column":36}},"27":{"start":{"line":77,"column":8},"end":{"line":84,"column":11}},"28":{"start":{"line":86,"column":6},"end":{"line":86,"column":18}},"29":{"start":{"line":88,"column":6},"end":{"line":88,"column":52}},"30":{"start":{"line":93,"column":4},"end":{"line":122,"column":null}},"31":{"start":{"line":94,"column":34},"end":{"line":94,"column":42}},"32":{"start":{"line":95,"column":19},"end":{"line":100,"column":17}},"33":{"start":{"line":102,"column":6},"end":{"line":102,"column":88}},"34":{"start":{"line":102,"column":17},"end":{"line":102,"column":88}},"35":{"start":{"line":104,"column":22},"end":{"line":104,"column":67}},"36":{"start":{"line":106,"column":6},"end":{"line":106,"column":70}},"37":{"start":{"line":106,"column":20},"end":{"line":106,"column":70}},"38":{"start":{"line":108,"column":20},"end":{"line":110,"column":8}},"39":{"start":{"line":112,"column":6},"end":{"line":119,"column":9}},"40":{"start":{"line":121,"column":6},"end":{"line":121,"column":52}},"41":{"start":{"line":126,"column":4},"end":{"line":145,"column":null}},"42":{"start":{"line":127,"column":23},"end":{"line":127,"column":26}},"43":{"start":{"line":129,"column":20},"end":{"line":131,"column":8}},"44":{"start":{"line":133,"column":6},"end":{"line":142,"column":9}},"45":{"start":{"line":144,"column":6},"end":{"line":144,"column":52}},"46":{"start":{"line":149,"column":0},"end":{"line":149,"column":30}}},"fnMap":{"0":{"name":"(anonymous_8)","decl":{"start":{"line":16,"column":8},"end":{"line":16,"column":16}},"loc":{"start":{"line":16,"column":44},"end":{"line":90,"column":null}}},"1":{"name":"(anonymous_10)","decl":{"start":{"line":46,"column":32},"end":{"line":46,"column":39}},"loc":{"start":{"line":46,"column":62},"end":{"line":85,"column":8}}},"2":{"name":"(anonymous_11)","decl":{"start":{"line":46,"column":62},"end":{"line":46,"column":null}},"loc":{"start":{"line":46,"column":62},"end":{"line":85,"column":7}}},"3":{"name":"(anonymous_12)","decl":{"start":{"line":92,"column":8},"end":{"line":92,"column":13}},"loc":{"start":{"line":92,"column":41},"end":{"line":123,"column":null}}},"4":{"name":"(anonymous_14)","decl":{"start":{"line":125,"column":8},"end":{"line":125,"column":10}},"loc":{"start":{"line":125,"column":42},"end":{"line":146,"column":null}}}},"branchMap":{"0":{"loc":{"start":{"line":24,"column":6},"end":{"line":26,"column":null}},"type":"if","locations":[{"start":{"line":24,"column":6},"end":{"line":26,"column":null}},{"start":{"line":24,"column":6},"end":{"line":26,"column":null}}]},"1":{"loc":{"start":{"line":24,"column":10},"end":{"line":24,"column":16}},"type":"binary-expr","locations":[{"start":{"line":24,"column":10},"end":{"line":24,"column":16}},{"start":{"line":24,"column":20},"end":{"line":24,"column":29}},{"start":{"line":24,"column":33},"end":{"line":24,"column":42}}]},"2":{"loc":{"start":{"line":40,"column":6},"end":{"line":42,"column":null}},"type":"if","locations":[{"start":{"line":40,"column":6},"end":{"line":42,"column":null}},{"start":{"line":40,"column":6},"end":{"line":42,"column":null}}]},"3":{"loc":{"start":{"line":47,"column":8},"end":{"line":49,"column":null}},"type":"if","locations":[{"start":{"line":47,"column":8},"end":{"line":49,"column":null}},{"start":{"line":47,"column":8},"end":{"line":49,"column":null}}]},"4":{"loc":{"start":{"line":102,"column":6},"end":{"line":102,"column":88}},"type":"if","locations":[{"start":{"line":102,"column":6},"end":{"line":102,"column":88}},{"start":{"line":102,"column":6},"end":{"line":102,"column":88}}]},"5":{"loc":{"start":{"line":106,"column":6},"end":{"line":106,"column":70}},"type":"if","locations":[{"start":{"line":106,"column":6},"end":{"line":106,"column":70}},{"start":{"line":106,"column":6},"end":{"line":106,"column":70}}]}},"s":{"0":1,"1":1,"2":1,"3":1,"4":1,"5":1,"6":1,"7":1,"8":1,"9":1,"10":1,"11":0,"12":1,"13":1,"14":1,"15":1,"16":0,"17":1,"18":1,"19":1,"20":1,"21":0,"22":1,"23":1,"24":1,"25":1,"26":1,"27":1,"28":1,"29":0,"30":0,"31":0,"32":0,"33":0,"34":0,"35":0,"36":0,"37":0,"38":0,"39":0,"40":0,"41":0,"42":0,"43":0,"44":0,"45":0,"46":1},"f":{"0":1,"1":1,"2":1,"3":0,"4":0},"b":{"0":[0,1],"1":[1,1,1],"2":[0,1],"3":[0,1],"4":[0,0],"5":[0,0]}}
,"C:\\Projects\\gaming-server\\src\\entities\\Game.ts": {"path":"C:\\Projects\\gaming-server\\src\\entities\\Game.ts","statementMap":{"0":{"start":{"line":3,"column":0},"end":{"line":3,"column":null}},"1":{"start":{"line":6,"column":0},"end":{"line":6,"column":42}},"2":{"start":{"line":7,"column":0},"end":{"line":7,"column":30}},"3":{"start":{"line":10,"column":0},"end":{"line":30,"column":null}},"4":{"start":{"line":12,"column":6},"end":{"line":12,"column":null}},"5":{"start":{"line":17,"column":6},"end":{"line":17,"column":null}},"6":{"start":{"line":22,"column":6},"end":{"line":22,"column":null}},"7":{"start":{"line":26,"column":6},"end":{"line":26,"column":null}},"8":{"start":{"line":24,"column":24},"end":{"line":24,"column":28}},"9":{"start":{"line":29,"column":6},"end":{"line":29,"column":null}},"10":{"start":{"line":28,"column":23},"end":{"line":28,"column":35}},"11":{"start":{"line":28,"column":55},"end":{"line":28,"column":73}},"12":{"start":{"line":10,"column":21},"end":{"line":30,"column":null}},"13":{"start":{"line":10,"column":21},"end":{"line":10,"column":26}}},"fnMap":{"0":{"name":"(anonymous_3)","decl":{"start":{"line":24,"column":18},"end":{"line":24,"column":21}},"loc":{"start":{"line":24,"column":24},"end":{"line":24,"column":28}}},"1":{"name":"(anonymous_4)","decl":{"start":{"line":28,"column":17},"end":{"line":28,"column":20}},"loc":{"start":{"line":28,"column":23},"end":{"line":28,"column":35}}},"2":{"name":"(anonymous_5)","decl":{"start":{"line":28,"column":37},"end":{"line":28,"column":38}},"loc":{"start":{"line":28,"column":55},"end":{"line":28,"column":73}}}},"branchMap":{},"s":{"0":1,"1":1,"2":1,"3":1,"4":1,"5":1,"6":1,"7":1,"8":2,"9":1,"10":2,"11":2,"12":1,"13":1},"f":{"0":2,"1":2,"2":2},"b":{}}
,"C:\\Projects\\gaming-server\\src\\entities\\GameCategory.ts": {"path":"C:\\Projects\\gaming-server\\src\\entities\\GameCategory.ts","statementMap":{"0":{"start":{"line":3,"column":0},"end":{"line":3,"column":null}},"1":{"start":{"line":6,"column":0},"end":{"line":6,"column":26}},"2":{"start":{"line":9,"column":0},"end":{"line":19,"column":null}},"3":{"start":{"line":11,"column":6},"end":{"line":11,"column":null}},"4":{"start":{"line":14,"column":6},"end":{"line":14,"column":null}},"5":{"start":{"line":18,"column":6},"end":{"line":18,"column":null}},"6":{"start":{"line":16,"column":23},"end":{"line":16,"column":27}},"7":{"start":{"line":9,"column":21},"end":{"line":19,"column":null}},"8":{"start":{"line":9,"column":21},"end":{"line":9,"column":34}}},"fnMap":{"0":{"name":"(anonymous_3)","decl":{"start":{"line":16,"column":17},"end":{"line":16,"column":20}},"loc":{"start":{"line":16,"column":23},"end":{"line":16,"column":27}}}},"branchMap":{},"s":{"0":1,"1":1,"2":1,"3":1,"4":1,"5":1,"6":2,"7":1,"8":1},"f":{"0":2},"b":{}}
,"C:\\Projects\\gaming-server\\src\\entities\\Region.ts": {"path":"C:\\Projects\\gaming-server\\src\\entities\\Region.ts","statementMap":{"0":{"start":{"line":3,"column":0},"end":{"line":3,"column":null}},"1":{"start":{"line":6,"column":0},"end":{"line":6,"column":30}},"2":{"start":{"line":9,"column":0},"end":{"line":27,"column":null}},"3":{"start":{"line":11,"column":6},"end":{"line":11,"column":null}},"4":{"start":{"line":16,"column":6},"end":{"line":16,"column":null}},"5":{"start":{"line":22,"column":6},"end":{"line":22,"column":null}},"6":{"start":{"line":26,"column":6},"end":{"line":26,"column":null}},"7":{"start":{"line":24,"column":24},"end":{"line":24,"column":28}},"8":{"start":{"line":9,"column":21},"end":{"line":27,"column":null}},"9":{"start":{"line":9,"column":21},"end":{"line":9,"column":28}}},"fnMap":{"0":{"name":"(anonymous_2)","decl":{"start":{"line":24,"column":18},"end":{"line":24,"column":21}},"loc":{"start":{"line":24,"column":24},"end":{"line":24,"column":28}}}},"branchMap":{},"s":{"0":1,"1":1,"2":1,"3":1,"4":1,"5":1,"6":1,"7":2,"8":1,"9":1},"f":{"0":2},"b":{}}
,"C:\\Projects\\gaming-server\\src\\entities\\Style.ts": {"path":"C:\\Projects\\gaming-server\\src\\entities\\Style.ts","statementMap":{"0":{"start":{"line":3,"column":0},"end":{"line":3,"column":null}},"1":{"start":{"line":6,"column":0},"end":{"line":6,"column":30}},"2":{"start":{"line":9,"column":0},"end":{"line":19,"column":null}},"3":{"start":{"line":11,"column":6},"end":{"line":11,"column":null}},"4":{"start":{"line":14,"column":6},"end":{"line":14,"column":null}},"5":{"start":{"line":18,"column":6},"end":{"line":18,"column":null}},"6":{"start":{"line":16,"column":24},"end":{"line":16,"column":28}},"7":{"start":{"line":9,"column":21},"end":{"line":19,"column":null}},"8":{"start":{"line":9,"column":21},"end":{"line":9,"column":27}}},"fnMap":{"0":{"name":"(anonymous_2)","decl":{"start":{"line":16,"column":18},"end":{"line":16,"column":21}},"loc":{"start":{"line":16,"column":24},"end":{"line":16,"column":28}}}},"branchMap":{},"s":{"0":1,"1":1,"2":1,"3":1,"4":1,"5":1,"6":2,"7":1,"8":1},"f":{"0":2},"b":{}}
,"C:\\Projects\\gaming-server\\src\\entities\\User.ts": {"path":"C:\\Projects\\gaming-server\\src\\entities\\User.ts","statementMap":{"0":{"start":{"line":5,"column":0},"end":{"line":5,"column":null}},"1":{"start":{"line":8,"column":0},"end":{"line":8,"column":26}},"2":{"start":{"line":10,"column":0},"end":{"line":10,"column":null}},"3":{"start":{"line":11,"column":4},"end":{"line":11,"column":null}},"4":{"start":{"line":12,"column":4},"end":{"line":12,"column":null}},"5":{"start":{"line":13,"column":4},"end":{"line":13,"column":null}},"6":{"start":{"line":16,"column":0},"end":{"line":16,"column":null}},"7":{"start":{"line":17,"column":4},"end":{"line":17,"column":null}},"8":{"start":{"line":18,"column":4},"end":{"line":18,"column":null}},"9":{"start":{"line":19,"column":4},"end":{"line":19,"column":null}},"10":{"start":{"line":23,"column":17},"end":{"line":70,"column":null}},"11":{"start":{"line":25,"column":4},"end":{"line":25,"column":null}},"12":{"start":{"line":30,"column":4},"end":{"line":30,"column":null}},"13":{"start":{"line":33,"column":4},"end":{"line":33,"column":null}},"14":{"start":{"line":38,"column":4},"end":{"line":38,"column":null}},"15":{"start":{"line":43,"column":4},"end":{"line":43,"column":null}},"16":{"start":{"line":46,"column":4},"end":{"line":46,"column":null}},"17":{"start":{"line":53,"column":4},"end":{"line":53,"column":null}},"18":{"start":{"line":61,"column":4},"end":{"line":61,"column":null}},"19":{"start":{"line":65,"column":4},"end":{"line":65,"column":null}},"20":{"start":{"line":63,"column":22},"end":{"line":63,"column":26}},"21":{"start":{"line":69,"column":4},"end":{"line":69,"column":null}},"22":{"start":{"line":67,"column":22},"end":{"line":67,"column":26}},"23":{"start":{"line":23,"column":13},"end":{"line":70,"column":null}},"24":{"start":{"line":23,"column":13},"end":{"line":23,"column":17}}},"fnMap":{"0":{"name":"(anonymous_3)","decl":{"start":{"line":10,"column":0},"end":{"line":10,"column":12}},"loc":{"start":{"line":10,"column":20},"end":{"line":14,"column":1}}},"1":{"name":"(anonymous_4)","decl":{"start":{"line":16,"column":0},"end":{"line":16,"column":12}},"loc":{"start":{"line":16,"column":18},"end":{"line":20,"column":1}}},"2":{"name":"(anonymous_5)","decl":{"start":{"line":63,"column":16},"end":{"line":63,"column":19}},"loc":{"start":{"line":63,"column":22},"end":{"line":63,"column":26}}},"3":{"name":"(anonymous_6)","decl":{"start":{"line":67,"column":16},"end":{"line":67,"column":19}},"loc":{"start":{"line":67,"column":22},"end":{"line":67,"column":26}}}},"branchMap":{"0":{"loc":{"start":{"line":10,"column":12},"end":{"line":10,"column":20}},"type":"binary-expr","locations":[{"start":{"line":10,"column":12},"end":{"line":10,"column":20}},{"start":{"line":10,"column":12},"end":{"line":10,"column":null}}]},"1":{"loc":{"start":{"line":16,"column":12},"end":{"line":16,"column":18}},"type":"binary-expr","locations":[{"start":{"line":16,"column":12},"end":{"line":16,"column":18}},{"start":{"line":16,"column":12},"end":{"line":16,"column":null}}]}},"s":{"0":1,"1":1,"2":1,"3":1,"4":1,"5":1,"6":1,"7":1,"8":1,"9":1,"10":1,"11":1,"12":1,"13":1,"14":1,"15":1,"16":1,"17":1,"18":1,"19":1,"20":2,"21":1,"22":2,"23":1,"24":1},"f":{"0":1,"1":1,"2":2,"3":2},"b":{"0":[1,1],"1":[1,1]}}
,"C:\\Projects\\gaming-server\\src\\middleware\\auth.ts": {"path":"C:\\Projects\\gaming-server\\src\\middleware\\auth.ts","statementMap":{"0":{"start":{"line":3,"column":0},"end":{"line":3,"column":31}},"1":{"start":{"line":5,"column":0},"end":{"line":5,"column":28}},"2":{"start":{"line":6,"column":0},"end":{"line":6,"column":45}},"3":{"start":{"line":12,"column":0},"end":{"line":12,"column":16}},"4":{"start":{"line":14,"column":23},"end":{"line":37,"column":2}},"5":{"start":{"line":14,"column":76},"end":{"line":37,"column":2}},"6":{"start":{"line":15,"column":2},"end":{"line":36,"column":null}},"7":{"start":{"line":16,"column":23},"end":{"line":16,"column":48}},"8":{"start":{"line":18,"column":4},"end":{"line":18,"column":62}},"9":{"start":{"line":18,"column":21},"end":{"line":18,"column":62}},"10":{"start":{"line":20,"column":22},"end":{"line":20,"column":43}},"11":{"start":{"line":22,"column":26},"end":{"line":22,"column":67}},"12":{"start":{"line":24,"column":17},"end":{"line":26,"column":15}},"13":{"start":{"line":28,"column":4},"end":{"line":28,"column":47}},"14":{"start":{"line":28,"column":15},"end":{"line":28,"column":47}},"15":{"start":{"line":30,"column":4},"end":{"line":30,"column":20}},"16":{"start":{"line":32,"column":4},"end":{"line":32,"column":11}},"17":{"start":{"line":34,"column":4},"end":{"line":34,"column":54}},"18":{"start":{"line":35,"column":4},"end":{"line":35,"column":36}},"19":{"start":{"line":39,"column":0},"end":{"line":39,"column":30}}},"fnMap":{"0":{"name":"(anonymous_8)","decl":{"start":{"line":14,"column":23},"end":{"line":14,"column":30}},"loc":{"start":{"line":14,"column":76},"end":{"line":37,"column":2}}},"1":{"name":"(anonymous_9)","decl":{"start":{"line":14,"column":76},"end":{"line":14,"column":null}},"loc":{"start":{"line":14,"column":76},"end":{"line":37,"column":1}}}},"branchMap":{"0":{"loc":{"start":{"line":18,"column":4},"end":{"line":18,"column":62}},"type":"if","locations":[{"start":{"line":18,"column":4},"end":{"line":18,"column":62}},{"start":{"line":18,"column":4},"end":{"line":18,"column":62}}]},"1":{"loc":{"start":{"line":28,"column":4},"end":{"line":28,"column":47}},"type":"if","locations":[{"start":{"line":28,"column":4},"end":{"line":28,"column":47}},{"start":{"line":28,"column":4},"end":{"line":28,"column":47}}]}},"s":{"0":1,"1":1,"2":1,"3":1,"4":1,"5":0,"6":0,"7":0,"8":0,"9":0,"10":0,"11":0,"12":0,"13":0,"14":0,"15":0,"16":0,"17":0,"18":0,"19":1},"f":{"0":0,"1":0},"b":{"0":[0,0],"1":[0,0]}}
,"C:\\Projects\\gaming-server\\src\\routes\\main.ts": {"path":"C:\\Projects\\gaming-server\\src\\routes\\main.ts","statementMap":{"0":{"start":{"line":3,"column":0},"end":{"line":3,"column":30}},"1":{"start":{"line":4,"column":0},"end":{"line":4,"column":48}},"2":{"start":{"line":5,"column":0},"end":{"line":5,"column":64}},"3":{"start":{"line":7,"column":27},"end":{"line":7,"column":47}},"4":{"start":{"line":9,"column":15},"end":{"line":9,"column":31}},"5":{"start":{"line":11,"column":0},"end":{"line":15,"column":3}},"6":{"start":{"line":12,"column":2},"end":{"line":14,"column":5}},"7":{"start":{"line":18,"column":0},"end":{"line":18,"column":59}},"8":{"start":{"line":19,"column":0},"end":{"line":19,"column":53}},"9":{"start":{"line":20,"column":0},"end":{"line":20,"column":62}},"10":{"start":{"line":25,"column":0},"end":{"line":25,"column":22}}},"fnMap":{"0":{"name":"(anonymous_1)","decl":{"start":{"line":11,"column":16},"end":{"line":11,"column":17}},"loc":{"start":{"line":11,"column":29},"end":{"line":15,"column":1}}}},"branchMap":{},"s":{"0":1,"1":1,"2":1,"3":1,"4":1,"5":1,"6":1,"7":1,"8":1,"9":1,"10":1},"f":{"0":1},"b":{}}
,"C:\\Projects\\gaming-server\\src\\utils\\ErrorHandler.ts": {"path":"C:\\Projects\\gaming-server\\src\\utils\\ErrorHandler.ts","statementMap":{"0":{"start":{"line":4,"column":21},"end":{"line":7,"column":2}},"1":{"start":{"line":4,"column":80},"end":{"line":7,"column":2}},"2":{"start":{"line":9,"column":0},"end":{"line":9,"column":28}}},"fnMap":{"0":{"name":"(anonymous_0)","decl":{"start":{"line":4,"column":21},"end":{"line":4,"column":22}},"loc":{"start":{"line":4,"column":80},"end":{"line":7,"column":2}}}},"branchMap":{"0":{"loc":{"start":{"line":4,"column":58},"end":{"line":4,"column":61}},"type":"default-arg","locations":[{"start":{"line":4,"column":58},"end":{"line":4,"column":61}}]}},"s":{"0":1,"1":0,"2":1},"f":{"0":0},"b":{"0":[0]}}
}
