TN:
SF:src\index.ts
FN:28,(anonymous_8)
FN:28,(anonymous_9)
FN:40,(anonymous_10)
FNF:3
FNH:3
FNDA:1,(anonymous_8)
FNDA:1,(anonymous_9)
FNDA:1,(anonymous_10)
DA:3,1
DA:4,1
DA:5,1
DA:6,1
DA:7,1
DA:8,1
DA:9,1
DA:10,1
DA:11,1
DA:12,1
DA:13,1
DA:15,1
DA:17,1
DA:22,1
DA:23,1
DA:24,1
DA:26,1
DA:28,1
DA:29,1
DA:30,1
DA:40,1
DA:41,1
DA:44,0
DA:48,1
LF:24
LH:23
BRDA:33,0,0,1
BRDA:33,0,1,1
BRF:2
BRH:2
end_of_record
TN:
SF:src\controllers\user\AuthController.ts
FN:16,(anonymous_8)
FN:46,(anonymous_10)
FN:46,(anonymous_11)
FN:92,(anonymous_12)
FN:125,(anonymous_14)
FNF:5
FNH:3
FNDA:1,(anonymous_8)
FNDA:1,(anonymous_10)
FNDA:1,(anonymous_11)
FNDA:0,(anonymous_12)
FNDA:0,(anonymous_14)
DA:5,1
DA:6,1
DA:7,1
DA:8,1
DA:9,1
DA:11,1
DA:13,1
DA:17,1
DA:20,1
DA:22,1
DA:24,1
DA:25,0
DA:28,1
DA:30,1
DA:38,1
DA:40,1
DA:41,0
DA:44,1
DA:46,1
DA:47,1
DA:48,0
DA:51,1
DA:53,1
DA:69,1
DA:71,1
DA:75,1
DA:77,1
DA:86,1
DA:88,0
DA:93,0
DA:94,0
DA:95,0
DA:102,0
DA:104,0
DA:106,0
DA:108,0
DA:112,0
DA:121,0
DA:126,0
DA:127,0
DA:129,0
DA:133,0
DA:144,0
DA:149,1
LF:44
LH:26
BRDA:24,0,0,0
BRDA:24,0,1,1
BRDA:24,1,0,1
BRDA:24,1,1,1
BRDA:24,1,2,1
BRDA:40,2,0,0
BRDA:40,2,1,1
BRDA:47,3,0,0
BRDA:47,3,1,1
BRDA:102,4,0,0
BRDA:102,4,1,0
BRDA:106,5,0,0
BRDA:106,5,1,0
BRF:13
BRH:6
end_of_record
TN:
SF:src\entities\Game.ts
FN:24,(anonymous_3)
FN:28,(anonymous_4)
FN:28,(anonymous_5)
FNF:3
FNH:3
FNDA:2,(anonymous_3)
FNDA:2,(anonymous_4)
FNDA:2,(anonymous_5)
DA:3,1
DA:6,1
DA:7,1
DA:10,1
DA:12,1
DA:17,1
DA:22,1
DA:24,2
DA:26,1
DA:28,2
DA:29,1
LF:11
LH:11
BRF:0
BRH:0
end_of_record
TN:
SF:src\entities\GameCategory.ts
FN:16,(anonymous_3)
FNF:1
FNH:1
FNDA:2,(anonymous_3)
DA:3,1
DA:6,1
DA:9,1
DA:11,1
DA:14,1
DA:16,2
DA:18,1
LF:7
LH:7
BRF:0
BRH:0
end_of_record
TN:
SF:src\entities\Region.ts
FN:24,(anonymous_2)
FNF:1
FNH:1
FNDA:2,(anonymous_2)
DA:3,1
DA:6,1
DA:9,1
DA:11,1
DA:16,1
DA:22,1
DA:24,2
DA:26,1
LF:8
LH:8
BRF:0
BRH:0
end_of_record
TN:
SF:src\entities\Style.ts
FN:16,(anonymous_2)
FNF:1
FNH:1
FNDA:2,(anonymous_2)
DA:3,1
DA:6,1
DA:9,1
DA:11,1
DA:14,1
DA:16,2
DA:18,1
LF:7
LH:7
BRF:0
BRH:0
end_of_record
TN:
SF:src\entities\User.ts
FN:10,(anonymous_3)
FN:16,(anonymous_4)
FN:63,(anonymous_5)
FN:67,(anonymous_6)
FNF:4
FNH:4
FNDA:1,(anonymous_3)
FNDA:1,(anonymous_4)
FNDA:2,(anonymous_5)
FNDA:2,(anonymous_6)
DA:5,1
DA:8,1
DA:10,1
DA:11,1
DA:12,1
DA:13,1
DA:16,1
DA:17,1
DA:18,1
DA:19,1
DA:23,1
DA:25,1
DA:30,1
DA:33,1
DA:38,1
DA:43,1
DA:46,1
DA:53,1
DA:61,1
DA:63,2
DA:65,1
DA:67,2
DA:69,1
LF:23
LH:23
BRDA:10,0,0,1
BRDA:10,0,1,1
BRDA:16,1,0,1
BRDA:16,1,1,1
BRF:4
BRH:4
end_of_record
TN:
SF:src\middleware\auth.ts
FN:14,(anonymous_8)
FN:14,(anonymous_9)
FNF:2
FNH:0
FNDA:0,(anonymous_8)
FNDA:0,(anonymous_9)
DA:3,1
DA:5,1
DA:6,1
DA:12,1
DA:14,1
DA:15,0
DA:16,0
DA:18,0
DA:20,0
DA:22,0
DA:24,0
DA:28,0
DA:30,0
DA:32,0
DA:34,0
DA:35,0
DA:39,1
LF:17
LH:6
BRDA:18,0,0,0
BRDA:18,0,1,0
BRDA:28,1,0,0
BRDA:28,1,1,0
BRF:4
BRH:0
end_of_record
TN:
SF:src\routes\main.ts
FN:11,(anonymous_1)
FNF:1
FNH:1
FNDA:1,(anonymous_1)
DA:3,1
DA:4,1
DA:5,1
DA:7,1
DA:9,1
DA:11,1
DA:12,1
DA:18,1
DA:19,1
DA:20,1
DA:25,1
LF:11
LH:11
BRF:0
BRH:0
end_of_record
TN:
SF:src\utils\ErrorHandler.ts
FN:4,(anonymous_0)
FNF:1
FNH:0
FNDA:0,(anonymous_0)
DA:4,1
DA:9,1
LF:2
LH:2
BRDA:4,0,0,0
BRF:1
BRH:0
end_of_record
